1729259268382:greet
1729259659026:dd
1729259663414:help
1729259694420:exit
1729261098527:create
1729261108586:create hans dieter 2
1729262123539:create sascha alda 1
1729352734521:create hans zimmer 1
1729352740056:create hans dd 1
1729352808380:tacktrace
1729352813059:stacktrace
1729352829863:clear
1729353277662:create h h 1
1729353838693:help
1729354447452:salesman read 1
1729354462154:salesman create h h 1
1729354502191:stacktrace
1729354524839:salesman read 1
1729354527887:stacktrace
1729354572060:salesman read 1
1729354586327:stacktrace
1729354769471:salesman read 1
1729356956691:salesman create
1729356962421:stacktrace
1729357033360:salesman create
1729357253345:component string
1729357918101:i
1729357925047:i hh
1729358015417:i
1729360079861:readsalesman
1729360085321:readSalesman 1
1729360336715:rs 1
1729360360310:cs 1 hi hi
1729360390863:rs 1
1729360437496:ag 1 1 "test" 1 1 2003
1729360455141:stacktrace
1729360562839:ds 1
1729360570674:cs 1 Hallo Welt
1729360573223:rs 1
1729360584661:ag 1 1 "ein kleiner test" 1 1 1
1729360595742:stacktrace
1729360909296:ag 1 1 hi 1 1 1
1729361144250:cs 1 Hans Dieter
1729361187834:cs 1 hans dieter
1729361217131:cs 1 Hans Dieter
1729361228505:ag 1 1 Test 1 1 1
1729361390682:rs 1
1729361399573:ag 1 1 test 1 1 1
1729361496935:rs 1
1729361503278:ag 1 1 test 1 1 1
1729361512690:ag 1 2 test2 1 1 1
1729361514983:rs 1
1729361575989:rg 1 1
1729361583383:stacktrace
1729361630328:rg 1 1
1729361646765:rs 1 1
1729361695382:rg 1 1
1729361818186:rs 1
1729361911756:rg 1 1
1729361916664:rs 1
1729362027289:cs 1 "Hans Dieter" "Wurst"
1729362029489:rs 1
1729362055775:ag 1 1 "Einfach mieses Cash verdienen blyat" 1 1 2003
1729362065158:rs 1
1729362068912:rg 1 1
1729362122999:rs
1729362128278:rs 1
1729362168120:rg 1 1
1729362170059:rs 1
1729362276432:ag 1 1 test 1 1 1
1729362278338:rs 1
1729362281270:ds 1
1729362347455:cs 1 haha hihi
1729362348758:rs 1
1729362352457:ds 1
1729362355260:rs 1
1729362427652:cs 1 test test
1729362432117:ag 1 1 test 1 1 1
1729362436225:ds 1
1729362439257:rs 1
1729362487635:cs 1 test test
1729362496950:ag 1 1 test test
1729362508677:ag 1 1 test 1 1 1
1729362510808:rs 1
1729362516405:ds 1
1729362600690:cs 1 test test
1729362605445:ag 1 1 test 1 1 1
1729362606948:rs 1
1729362609763:ds 1
1729362613920:rs 1
1729362770091:ras
1729362871750:cs 1 "Hans-Dieter" Jochen
1729362873002:ras
1729363229540:ds 1
1729363465923:help
1729375826364:ras
1729375831437:clear
1729375844043:create-salesman 1 Hans Peter
1729375846623:rs 1
1729375877610:rs  1
1729375901554:ag 1 1 "Krasse Kohle verdienen" 2 2 2003
1729375906110:help
1729375913708:rg 1
1729375925962:cs 2 roger sohn
1729375928153:ras
1729375940682:dg 1 1
1729375943730:rs 1
1729375960770:ag 2 1 test 1 1 1
1729375965024:ds 2
1729375969155:ras
1729428762602:quit
1729431385452:help
